app/build/intermediates/manifest_merge_blame_file/release/manifest-merger-blame-release-report.txt
1<?xml version="1.0" encoding="utf-8"?>
2<manifest xmlns:android="http://schemas.android.com/apk/res/android"
3    package="com.tencent.squeezencnn"
4    android:versionCode="1"
5    android:versionName="1.1" >
6
7    <uses-sdk android:minSdkVersion="24" />
7-->src\main\AndroidManifest.xml
8
9    <uses-permission android:name="android.permission.CAMERA" />
9-->src\main\AndroidManifest.xml:7:5-65
9-->src\main\AndroidManifest.xml:7:22-62
10    <uses-permission android:name="android.permission.RECORD_AUDIO" />
10-->src\main\AndroidManifest.xml:8:5-71
10-->src\main\AndroidManifest.xml:8:22-68
11
12    <application
12-->src\main\AndroidManifest.xml:10:5-18:19
13        android:appComponentFactory="androidx.core.app.CoreComponentFactory"
13-->[androidx.core:core:1.0.1] AndroidManifest.xml:22:18-86
14        android:label="@string/app_name" >
14-->src\main\AndroidManifest.xml:10:18-50
15        <activity
15-->src\main\AndroidManifest.xml:11:9-17:20
16            android:name="com.tencent.squeezencnn.MainActivity"
16-->src\main\AndroidManifest.xml:11:19-46
17            android:label="@string/app_name" >
17-->src\main\AndroidManifest.xml:12:19-51
18            <intent-filter>
18-->src\main\AndroidManifest.xml:13:13-16:29
19                <action android:name="android.intent.action.MAIN" />
19-->src\main\AndroidManifest.xml:14:17-69
19-->src\main\AndroidManifest.xml:14:25-66
20
21                <category android:name="android.intent.category.LAUNCHER" />
21-->src\main\AndroidManifest.xml:15:17-77
21-->src\main\AndroidManifest.xml:15:27-74
22            </intent-filter>
23        </activity>
24    </application>
25
26</manifest>